<?xml version="1.0" encoding="UTF-8"?>
<!-- Generated by org.testng.reporters.JUnitXMLReporter -->
<testsuite ignored="2" hostname="LPCD-HWNP4B3" failures="0" tests="2" name="Test1" time="0.088" errors="0" timestamp="2024-06-10T12:55:50 IST">
  <testcase classname="test.TestNGGroupDemo" name="test2" time="0.008"/>
  <testcase classname="test.TestNGGroupDemo" name="test3" time="0.001"/>
  <testcase classname="test.TestNGGroupDemo" name="test4" time="0.0">
    <ignored/>
  </testcase> <!-- test4 -->
  <testcase classname="test.TestNGGroupDemo" name="test1" time="0.0">
    <ignored/>
  </testcase> <!-- test1 -->
</testsuite> <!-- Test1 -->
