<?xml version="1.0" encoding="UTF-8"?>
<testng-results ignored="0" total="2" passed="2" failed="0" skipped="0">
  <reporter-output>
  </reporter-output>
  <suite started-at="2024-06-10T12:55:50 IST" name="Suite1" finished-at="2024-06-10T12:55:50 IST" duration-ms="88">
    <groups>
      <group name="regression">
        <method signature="TestNGGroupDemo.test3()[pri:0, instance:test.TestNGGroupDemo@2892d68]" name="test3" class="test.TestNGGroupDemo"/>
      </group> <!-- regression -->
      <group name="smoke">
        <method signature="TestNGGroupDemo.test2()[pri:0, instance:test.TestNGGroupDemo@2892d68]" name="test2" class="test.TestNGGroupDemo"/>
      </group> <!-- smoke -->
      <group name="sanity">
        <method signature="TestNGGroupDemo.test2()[pri:0, instance:test.TestNGGroupDemo@2892d68]" name="test2" class="test.TestNGGroupDemo"/>
        <method signature="TestNGGroupDemo.test3()[pri:0, instance:test.TestNGGroupDemo@2892d68]" name="test3" class="test.TestNGGroupDemo"/>
      </group> <!-- sanity -->
    </groups>
    <test started-at="2024-06-10T12:55:50 IST" name="Test1" finished-at="2024-06-10T12:55:50 IST" duration-ms="88">
      <class name="test.TestNGGroupDemo">
        <test-method signature="test2()[pri:0, instance:test.TestNGGroupDemo@2892d68]" started-at="2024-06-10T12:55:50 IST" name="test2" finished-at="2024-06-10T12:55:50 IST" duration-ms="8" status="PASS">
          <reporter-output>
          </reporter-output>
        </test-method> <!-- test2 -->
        <test-method signature="test3()[pri:0, instance:test.TestNGGroupDemo@2892d68]" started-at="2024-06-10T12:55:50 IST" name="test3" finished-at="2024-06-10T12:55:50 IST" duration-ms="1" status="PASS">
          <reporter-output>
          </reporter-output>
        </test-method> <!-- test3 -->
      </class> <!-- test.TestNGGroupDemo -->
    </test> <!-- Test1 -->
  </suite> <!-- Suite1 -->
</testng-results>
