<?xml version="1.0" encoding="UTF-8"?>
<testng-results ignored="0" total="1" passed="1" failed="0" skipped="0">
  <reporter-output>
  </reporter-output>
  <suite started-at="2024-06-24T17:18:33 IST" name="Default suite" finished-at="2024-06-24T17:18:42 IST" duration-ms="8965">
    <groups>
    </groups>
    <test started-at="2024-06-24T17:18:33 IST" name="Default test" finished-at="2024-06-24T17:18:42 IST" duration-ms="8965">
      <class name="tests.SeleniumTest">
        <test-method is-config="true" signature="setUp()[pri:0, instance:tests.SeleniumTest@645aa696]" started-at="2024-06-24T17:18:33 IST" name="setUp" finished-at="2024-06-24T17:18:34 IST" duration-ms="1680" status="PASS">
          <reporter-output>
          </reporter-output>
        </test-method> <!-- setUp -->
        <test-method signature="testGoogleSearch()[pri:0, instance:tests.SeleniumTest@645aa696]" started-at="2024-06-24T17:18:34 IST" name="testGoogleSearch" finished-at="2024-06-24T17:18:41 IST" duration-ms="6866" status="PASS">
          <reporter-output>
          </reporter-output>
        </test-method> <!-- testGoogleSearch -->
        <test-method is-config="true" signature="tearDown()[pri:0, instance:tests.SeleniumTest@645aa696]" started-at="2024-06-24T17:18:41 IST" name="tearDown" finished-at="2024-06-24T17:18:42 IST" duration-ms="388" status="PASS">
          <reporter-output>
          </reporter-output>
        </test-method> <!-- tearDown -->
      </class> <!-- tests.SeleniumTest -->
    </test> <!-- Default test -->
  </suite> <!-- Default suite -->
</testng-results>
